<?xml version="1.0" encoding="UTF-8"?>
<!-- Generated by org.testng.reporters.JUnitXMLReporter -->
<testsuite ignored="8" hostname="WKMGB6689234" failures="0" tests="1" name="Default test" time="0.402" errors="0" timestamp="01 Mar 2020 23:30:25 GMT">
  <testcase classname="com.example03.AdvertServiceImplTest" name="repostForFreeTest" time="0.008"/>
  <testcase classname="com.example03.AdvertServiceImplTest" name="canRepostForFreeNonExpiredAdAsTrueCheckTest" time="0.0">
    <ignored/>
  </testcase> <!-- canRepostForFreeNonExpiredAdAsTrueCheckTest -->
  <testcase classname="com.example03.AdvertServiceImplTest" name="verifyingGetAdvertInvalidTest" time="0.0">
    <ignored/>
  </testcase> <!-- verifyingGetAdvertInvalidTest -->
  <testcase classname="com.example03.AdvertServiceImplTest" name="canRepostForFreeAdvertNotFoundExceptionTest" time="0.0">
    <ignored/>
  </testcase> <!-- canRepostForFreeAdvertNotFoundExceptionTest -->
  <testcase classname="com.example03.AdvertServiceImplTest" name="verifyingUpdateAdvertListTest" time="0.0">
    <ignored/>
  </testcase> <!-- verifyingUpdateAdvertListTest -->
  <testcase classname="com.example03.AdvertServiceImplTest" name="canRepostForFreeUserNotFoundExceptionTest" time="0.0">
    <ignored/>
  </testcase> <!-- canRepostForFreeUserNotFoundExceptionTest -->
  <testcase classname="com.example03.AdvertServiceImplTest" name="canRepostForFreeFalseCheckTest" time="0.0">
    <ignored/>
  </testcase> <!-- canRepostForFreeFalseCheckTest -->
  <testcase classname="com.example03.AdvertServiceImplTest" name="canRepostForFreeNonExpiredAdAsFalseCheckTest" time="0.0">
    <ignored/>
  </testcase> <!-- canRepostForFreeNonExpiredAdAsFalseCheckTest -->
  <testcase classname="com.example03.AdvertServiceImplTest" name="verifyingGetAdvertValidTest" time="0.0">
    <ignored/>
  </testcase> <!-- verifyingGetAdvertValidTest -->
</testsuite> <!-- Default test -->
